<?xml version="1.0" encoding="UTF-8"?>
<testsuite name="com.example.service.AlternateRegisterTest" tests="1" skipped="0" failures="0" errors="0" timestamp="2025-08-07T18:13:46" hostname="LABPC" time="0.114">
  <properties/>
  <testcase name="testRegister()" classname="com.example.service.AlternateRegisterTest" time="0.114"/>
  <system-out><![CDATA[]]></system-out>
  <system-err><![CDATA[]]></system-err>
</testsuite>
